<?xml version="1.0" encoding="UTF-8"?>
<!-- Generated by org.testng.reporters.JUnitXMLReporter -->
<testsuite ignored="0" hostname="DESKTOP-GPC7LG8" failures="0" tests="5" name="passenger1" time="27.079" errors="0" timestamp="2023-11-01T12:05:40 IST">
  <testcase classname="com.airline.tests.AirlineTestHome" name="user_registration" time="7.55"/>
  <testcase classname="com.airline.tests.AirlineTestHome" name="registration_confirmation" time="1.785"/>
  <testcase classname="com.airline.tests.AirlineTestHome" name="flight_search" time="4.513"/>
  <testcase classname="com.airline.tests.AirlineTestHome" name="flight_select" time="2.495"/>
  <testcase classname="com.airline.tests.AirlineTestHome" name="flight_confirmation" time="1.051"/>
</testsuite> <!-- passenger1 -->
