<?xml version="1.0" encoding="UTF-8"?>
<!-- Generated by org.testng.reporters.JUnitXMLReporter -->
<testsuite ignored="0" hostname="DESKTOP-GPC7LG8" failures="0" tests="5" name="Test" time="12.639" errors="0" timestamp="2023-09-28T19:33:41 IST">
  <testcase classname="com.airline.tests.AirlineTestHome" name="user_registration" time="4.228"/>
  <testcase classname="com.airline.tests.AirlineTestHome" name="registration_confirmation" time="1.73"/>
  <testcase classname="com.airline.tests.AirlineTestHome" name="flight_search" time="1.635"/>
  <testcase classname="com.airline.tests.AirlineTestHome" name="flight_select" time="0.8"/>
  <testcase classname="com.airline.tests.AirlineTestHome" name="flight_confirmation" time="1.175"/>
</testsuite> <!-- Test -->
