<?xml version="1.0" encoding="UTF-8"?>
<testsuite xmlns:xsi="http://www.w3.org/2001/XMLSchema-instance" xsi:noNamespaceSchemaLocation="https://maven.apache.org/surefire/maven-surefire-plugin/xsd/surefire-test-report-3.0.xsd" version="3.0" name="TestSuite" time="75.466" tests="26" errors="0" skipped="0" failures="0">
  <properties>
[...]
</properties>
  <testcase name="user_registration" classname="com.airline.tests.AirlineTestHome" time="4.747">
    <system-out><![CDATA[19:03:01.364 INFO  [           main] &amp#27;[36mc.airline.utils.ResourceLoader&amp#27;[0;39m : reading resource from location: config/defaultconfig.properties
19:03:01.375 INFO  [           main] &amp#27;[36mcom.airline.utils.Config      &amp#27;[0;39m : Test Properties overridden
19:03:01.375 INFO  [           main] &amp#27;[36mcom.airline.utils.Config      &amp#27;[0;39m : KEY --> selenium.grid.hub.host
VALUE --->localhost
19:03:01.375 INFO  [           main] &amp#27;[36mcom.airline.utils.Config      &amp#27;[0;39m : KEY --> browser
VALUE --->chrome
19:03:01.376 INFO  [           main] &amp#27;[36mcom.airline.utils.Config      &amp#27;[0;39m : KEY --> airline.url
VALUE --->https://d1uh9e7cu07ukd.cloudfront.net/selenium-docker/reservation-app/index.html#page-top
19:03:01.376 INFO  [           main] &amp#27;[36mcom.airline.utils.Config      &amp#27;[0;39m : KEY --> vendor.url
VALUE --->https://d1uh9e7cu07ukd.cloudfront.net/selenium-docker/vendor-app/index.html
19:03:01.376 INFO  [           main] &amp#27;[36mcom.airline.utils.Config      &amp#27;[0;39m : KEY --> selenium.grid.url.format
VALUE --->http://%s:4444/wd/hub
19:03:01.376 INFO  [           main] &amp#27;[36mcom.airline.utils.Config      &amp#27;[0;39m : KEY --> selenium.grid.enabled
VALUE --->true
19:03:01.422 INFO  [ TestNG-tests-2] &amp#27;[36mcom.base.test.AbstractTest    &amp#27;[0;39m : 
GRID URL --->http://localhost:4444/wd/hub
19:03:01.422 INFO  [ TestNG-tests-3] &amp#27;[36mcom.base.test.AbstractTest    &amp#27;[0;39m : 
GRID URL --->http://localhost:4444/wd/hub
19:03:01.422 INFO  [ TestNG-tests-4] &amp#27;[36mcom.base.test.AbstractTest    &amp#27;[0;39m : 
GRID URL --->http://localhost:4444/wd/hub
19:03:01.422 INFO  [ TestNG-tests-1] &amp#27;[36mcom.base.test.AbstractTest    &amp#27;[0;39m : 
GRID URL --->http://localhost:4444/wd/hub
19:03:08.521 INFO  [ TestNG-tests-2] &amp#27;[36mc.airline.utils.ResourceLoader&amp#27;[0;39m : reading resource from location: test-data/airline/passenger-2.json
]]></system-out>
    <system-err><![CDATA[Nov 04, 2023 7:03:01 PM org.openqa.selenium.remote.tracing.opentelemetry.OpenTelemetryTracer createTracer
INFO: Using OpenTelemetry for tracing
]]></system-err>
  </testcase>
  <testcase name="user_registration" classname="com.airline.tests.AirlineTestHome" time="3.506">
    <system-out><![CDATA[19:03:22.778 INFO  [ TestNG-tests-4] &amp#27;[36mc.airline.utils.ResourceLoader&amp#27;[0;39m : reading resource from location: test-data/airline/passenger-4.json
]]></system-out>
  </testcase>
  <testcase name="user_registration" classname="com.airline.tests.AirlineTestHome" time="3.287">
    <system-out><![CDATA[19:03:35.484 INFO  [ TestNG-tests-3] &amp#27;[36mc.airline.utils.ResourceLoader&amp#27;[0;39m : reading resource from location: test-data/airline/passenger-3.json
]]></system-out>
  </testcase>
  <testcase name="user_registration" classname="com.airline.tests.AirlineTestHome" time="3.97">
    <system-out><![CDATA[19:03:46.035 INFO  [ TestNG-tests-1] &amp#27;[36mc.airline.utils.ResourceLoader&amp#27;[0;39m : reading resource from location: test-data/airline/passenger-1.json
]]></system-out>
  </testcase>
  <testcase name="registration_confirmation" classname="com.airline.tests.AirlineTestHome" time="2.8"/>
  <testcase name="registration_confirmation" classname="com.airline.tests.AirlineTestHome" time="2.059"/>
  <testcase name="registration_confirmation" classname="com.airline.tests.AirlineTestHome" time="0.84"/>
  <testcase name="registration_confirmation" classname="com.airline.tests.AirlineTestHome" time="1.438"/>
  <testcase name="flight_search" classname="com.airline.tests.AirlineTestHome" time="3.009"/>
  <testcase name="flight_search" classname="com.airline.tests.AirlineTestHome" time="2.623"/>
  <testcase name="flight_search" classname="com.airline.tests.AirlineTestHome" time="3.097"/>
  <testcase name="flight_search" classname="com.airline.tests.AirlineTestHome" time="2.091"/>
  <testcase name="flight_select" classname="com.airline.tests.AirlineTestHome" time="1.768"/>
  <testcase name="flight_select" classname="com.airline.tests.AirlineTestHome" time="2.21"/>
  <testcase name="flight_select" classname="com.airline.tests.AirlineTestHome" time="1.085"/>
  <testcase name="flight_select" classname="com.airline.tests.AirlineTestHome" time="1.67"/>
  <testcase name="flight_confirmation" classname="com.airline.tests.AirlineTestHome" time="0.964">
    <system-out><![CDATA[19:03:21.922 INFO  [ TestNG-tests-2] &amp#27;[36mc.a.pages.FlightConfirmation  &amp#27;[0;39m : Status2023-11-1699104801551 TOTAL PRICE$1169 USD
]]></system-out>
  </testcase>
  <testcase name="flight_confirmation" classname="com.airline.tests.AirlineTestHome" time="1.468">
    <system-out><![CDATA[19:03:34.604 INFO  [ TestNG-tests-4] &amp#27;[36mc.a.pages.FlightConfirmation  &amp#27;[0;39m : Status2023-11-1699104813863 TOTAL PRICE$1169 USD
]]></system-out>
  </testcase>
  <testcase name="flight_confirmation" classname="com.airline.tests.AirlineTestHome" time="1.453">
    <system-out><![CDATA[19:03:45.199 INFO  [ TestNG-tests-3] &amp#27;[36mc.a.pages.FlightConfirmation  &amp#27;[0;39m : Status2023-11-1699104824570 TOTAL PRICE$1169 USD
]]></system-out>
  </testcase>
  <testcase name="flight_confirmation" classname="com.airline.tests.AirlineTestHome" time="0.931">
    <system-out><![CDATA[19:03:56.091 INFO  [ TestNG-tests-1] &amp#27;[36mc.a.pages.FlightConfirmation  &amp#27;[0;39m : Status2023-11-1699104835735 TOTAL PRICE$1169 USD
]]></system-out>
  </testcase>
  <testcase name="login_page" classname="com.vendor.tests.VendorTestHome" time="1.68">
    <system-out><![CDATA[19:03:56.255 INFO  [           main] &amp#27;[36mc.airline.utils.ResourceLoader&amp#27;[0;39m : reading resource from location: config/defaultconfig.properties
19:03:56.257 INFO  [           main] &amp#27;[36mcom.airline.utils.Config      &amp#27;[0;39m : Test Properties overridden
19:03:56.257 INFO  [           main] &amp#27;[36mcom.airline.utils.Config      &amp#27;[0;39m : KEY --> selenium.grid.hub.host
VALUE --->localhost
19:03:56.257 INFO  [           main] &amp#27;[36mcom.airline.utils.Config      &amp#27;[0;39m : KEY --> browser
VALUE --->chrome
19:03:56.257 INFO  [           main] &amp#27;[36mcom.airline.utils.Config      &amp#27;[0;39m : KEY --> airline.url
VALUE --->https://d1uh9e7cu07ukd.cloudfront.net/selenium-docker/reservation-app/index.html#page-top
19:03:56.257 INFO  [           main] &amp#27;[36mcom.airline.utils.Config      &amp#27;[0;39m : KEY --> vendor.url
VALUE --->https://d1uh9e7cu07ukd.cloudfront.net/selenium-docker/vendor-app/index.html
19:03:56.257 INFO  [           main] &amp#27;[36mcom.airline.utils.Config      &amp#27;[0;39m : KEY --> selenium.grid.url.format
VALUE --->http://%s:4444/wd/hub
19:03:56.257 INFO  [           main] &amp#27;[36mcom.airline.utils.Config      &amp#27;[0;39m : KEY --> selenium.grid.enabled
VALUE --->true
19:03:56.259 INFO  [ TestNG-tests-2] &amp#27;[36mcom.base.test.AbstractTest    &amp#27;[0;39m : 
GRID URL --->http://localhost:4444/wd/hub
19:03:56.259 INFO  [ TestNG-tests-1] &amp#27;[36mcom.base.test.AbstractTest    &amp#27;[0;39m : 
GRID URL --->http://localhost:4444/wd/hub
19:03:56.259 INFO  [ TestNG-tests-3] &amp#27;[36mcom.base.test.AbstractTest    &amp#27;[0;39m : 
GRID URL --->http://localhost:4444/wd/hub
19:03:56.972 INFO  [ TestNG-tests-3] &amp#27;[36mc.airline.utils.ResourceLoader&amp#27;[0;39m : reading resource from location: test-data/vendor/john.json
https://d1uh9e7cu07ukd.cloudfront.net/selenium-docker/vendor-app/index.html
]]></system-out>
  </testcase>
  <testcase name="login_page" classname="com.vendor.tests.VendorTestHome" time="1.62">
    <system-out><![CDATA[19:04:02.561 INFO  [ TestNG-tests-2] &amp#27;[36mc.airline.utils.ResourceLoader&amp#27;[0;39m : reading resource from location: test-data/vendor/mike.json
https://d1uh9e7cu07ukd.cloudfront.net/selenium-docker/vendor-app/index.html
]]></system-out>
  </testcase>
  <testcase name="login_page" classname="com.vendor.tests.VendorTestHome" time="1.339">
    <system-out><![CDATA[19:04:09.454 INFO  [ TestNG-tests-1] &amp#27;[36mc.airline.utils.ResourceLoader&amp#27;[0;39m : reading resource from location: test-data/vendor/sam.json
https://d1uh9e7cu07ukd.cloudfront.net/selenium-docker/vendor-app/index.html
]]></system-out>
  </testcase>
  <testcase name="dashboard_test" classname="com.vendor.tests.VendorTestHome" time="3.073">
    <system-out><![CDATA[19:04:00.614 INFO  [ TestNG-tests-3] &amp#27;[36mc.vendor.pages.VendorDashboard&amp#27;[0;39m : Results ---> 0
]]></system-out>
  </testcase>
  <testcase name="dashboard_test" classname="com.vendor.tests.VendorTestHome" time="4.43">
    <system-out><![CDATA[19:04:07.441 INFO  [ TestNG-tests-2] &amp#27;[36mc.vendor.pages.VendorDashboard&amp#27;[0;39m : Results ---> 10
]]></system-out>
  </testcase>
  <testcase name="dashboard_test" classname="com.vendor.tests.VendorTestHome" time="4.63">
    <system-out><![CDATA[19:04:14.235 INFO  [ TestNG-tests-1] &amp#27;[36mc.vendor.pages.VendorDashboard&amp#27;[0;39m : Results ---> 8
]]></system-out>
  </testcase>
</testsuite>