<?xml version="1.0" encoding="UTF-8"?>
<testng-results ignored="0" total="26" passed="26" failed="0" skipped="0">
  <reporter-output>
  </reporter-output>
  <suite started-at="2023-11-04T19:03:01 IST" name="Suite" finished-at="2023-11-04T19:03:56 IST" duration-ms="54858">
    <groups>
    </groups>
    <test started-at="2023-11-04T19:03:01 IST" name="passenger2" finished-at="2023-11-04T19:03:22 IST" duration-ms="20753">
      <class name="com.airline.tests.AirlineTestHome">
        <test-method is-config="true" signature="setUp(org.testng.ITestContext)[pri:0, instance:com.airline.tests.AirlineTestHome@20b2475a]" started-at="2023-11-04T19:03:01 IST" name="setUp" finished-at="2023-11-04T19:03:08 IST" duration-ms="6774" status="PASS">
          <params>
            <param index="0">
              <value>
                <![CDATA[org.testng.TestRunner@26adfd2d]]>
              </value>
            </param>
          </params>
          <reporter-output>
          </reporter-output>
        </test-method> <!-- setUp -->
        <test-method is-config="true" signature="setParameters(java.lang.String)[pri:0, instance:com.airline.tests.AirlineTestHome@20b2475a]" started-at="2023-11-04T19:03:08 IST" name="setParameters" finished-at="2023-11-04T19:03:08 IST" depends-on-methods="com.base.test.AbstractTest.setUp" duration-ms="466" status="PASS">
          <params>
            <param index="0">
              <value>
                <![CDATA[test-data/airline/passenger-2.json]]>
              </value>
            </param>
          </params>
          <reporter-output>
          </reporter-output>
        </test-method> <!-- setParameters -->
        <test-method signature="user_registration()[pri:0, instance:com.airline.tests.AirlineTestHome@20b2475a]" started-at="2023-11-04T19:03:08 IST" name="user_registration" finished-at="2023-11-04T19:03:13 IST" duration-ms="4749" status="PASS">
          <reporter-output>
          </reporter-output>
        </test-method> <!-- user_registration -->
        <test-method signature="registration_confirmation()[pri:0, instance:com.airline.tests.AirlineTestHome@20b2475a]" started-at="2023-11-04T19:03:13 IST" name="registration_confirmation" finished-at="2023-11-04T19:03:16 IST" depends-on-methods="com.airline.tests.AirlineTestHome.user_registration" duration-ms="2800" status="PASS">
          <reporter-output>
          </reporter-output>
        </test-method> <!-- registration_confirmation -->
        <test-method signature="flight_search()[pri:0, instance:com.airline.tests.AirlineTestHome@20b2475a]" started-at="2023-11-04T19:03:16 IST" name="flight_search" finished-at="2023-11-04T19:03:19 IST" depends-on-methods="com.airline.tests.AirlineTestHome.registration_confirmation" duration-ms="3008" status="PASS">
          <reporter-output>
          </reporter-output>
        </test-method> <!-- flight_search -->
        <test-method signature="flight_select()[pri:0, instance:com.airline.tests.AirlineTestHome@20b2475a]" started-at="2023-11-04T19:03:19 IST" name="flight_select" finished-at="2023-11-04T19:03:21 IST" depends-on-methods="com.airline.tests.AirlineTestHome.flight_search" duration-ms="1768" status="PASS">
          <reporter-output>
          </reporter-output>
        </test-method> <!-- flight_select -->
        <test-method signature="flight_confirmation()[pri:0, instance:com.airline.tests.AirlineTestHome@20b2475a]" started-at="2023-11-04T19:03:21 IST" name="flight_confirmation" finished-at="2023-11-04T19:03:21 IST" depends-on-methods="com.airline.tests.AirlineTestHome.flight_select" duration-ms="963" status="PASS">
          <reporter-output>
          </reporter-output>
        </test-method> <!-- flight_confirmation -->
        <test-method is-config="true" signature="tearDown()[pri:0, instance:com.airline.tests.AirlineTestHome@20b2475a]" started-at="2023-11-04T19:03:21 IST" name="tearDown" finished-at="2023-11-04T19:03:22 IST" duration-ms="158" status="PASS">
          <reporter-output>
          </reporter-output>
        </test-method> <!-- tearDown -->
      </class> <!-- com.airline.tests.AirlineTestHome -->
    </test> <!-- passenger2 -->
    <test started-at="2023-11-04T19:03:01 IST" name="passenger4" finished-at="2023-11-04T19:03:34 IST" duration-ms="33449">
      <class name="com.airline.tests.AirlineTestHome">
        <test-method is-config="true" signature="call_config()[pri:0, instance:com.airline.tests.AirlineTestHome@58e1d9d]" started-at="2023-11-04T19:03:01 IST" name="call_config" finished-at="2023-11-04T19:03:01 IST" duration-ms="40" status="PASS">
          <reporter-output>
          </reporter-output>
        </test-method> <!-- call_config -->
        <test-method is-config="true" signature="setUp(org.testng.ITestContext)[pri:0, instance:com.airline.tests.AirlineTestHome@58e1d9d]" started-at="2023-11-04T19:03:01 IST" name="setUp" finished-at="2023-11-04T19:03:22 IST" duration-ms="21378" status="PASS">
          <params>
            <param index="0">
              <value>
                <![CDATA[org.testng.TestRunner@31edaa7d]]>
              </value>
            </param>
          </params>
          <reporter-output>
          </reporter-output>
        </test-method> <!-- setUp -->
        <test-method is-config="true" signature="setParameters(java.lang.String)[pri:0, instance:com.airline.tests.AirlineTestHome@58e1d9d]" started-at="2023-11-04T19:03:22 IST" name="setParameters" finished-at="2023-11-04T19:03:22 IST" depends-on-methods="com.base.test.AbstractTest.setUp" duration-ms="2" status="PASS">
          <params>
            <param index="0">
              <value>
                <![CDATA[test-data/airline/passenger-4.json]]>
              </value>
            </param>
          </params>
          <reporter-output>
          </reporter-output>
        </test-method> <!-- setParameters -->
        <test-method signature="user_registration()[pri:0, instance:com.airline.tests.AirlineTestHome@58e1d9d]" started-at="2023-11-04T19:03:22 IST" name="user_registration" finished-at="2023-11-04T19:03:26 IST" duration-ms="3509" status="PASS">
          <reporter-output>
          </reporter-output>
        </test-method> <!-- user_registration -->
        <test-method signature="registration_confirmation()[pri:0, instance:com.airline.tests.AirlineTestHome@58e1d9d]" started-at="2023-11-04T19:03:26 IST" name="registration_confirmation" finished-at="2023-11-04T19:03:28 IST" depends-on-methods="com.airline.tests.AirlineTestHome.user_registration" duration-ms="2061" status="PASS">
          <reporter-output>
          </reporter-output>
        </test-method> <!-- registration_confirmation -->
        <test-method signature="flight_search()[pri:0, instance:com.airline.tests.AirlineTestHome@58e1d9d]" started-at="2023-11-04T19:03:28 IST" name="flight_search" finished-at="2023-11-04T19:03:30 IST" depends-on-methods="com.airline.tests.AirlineTestHome.registration_confirmation" duration-ms="2623" status="PASS">
          <reporter-output>
          </reporter-output>
        </test-method> <!-- flight_search -->
        <test-method signature="flight_select()[pri:0, instance:com.airline.tests.AirlineTestHome@58e1d9d]" started-at="2023-11-04T19:03:30 IST" name="flight_select" finished-at="2023-11-04T19:03:33 IST" depends-on-methods="com.airline.tests.AirlineTestHome.flight_search" duration-ms="2209" status="PASS">
          <reporter-output>
          </reporter-output>
        </test-method> <!-- flight_select -->
        <test-method signature="flight_confirmation()[pri:0, instance:com.airline.tests.AirlineTestHome@58e1d9d]" started-at="2023-11-04T19:03:33 IST" name="flight_confirmation" finished-at="2023-11-04T19:03:34 IST" depends-on-methods="com.airline.tests.AirlineTestHome.flight_select" duration-ms="1467" status="PASS">
          <reporter-output>
          </reporter-output>
        </test-method> <!-- flight_confirmation -->
        <test-method is-config="true" signature="tearDown()[pri:0, instance:com.airline.tests.AirlineTestHome@58e1d9d]" started-at="2023-11-04T19:03:34 IST" name="tearDown" finished-at="2023-11-04T19:03:34 IST" duration-ms="182" status="PASS">
          <reporter-output>
          </reporter-output>
        </test-method> <!-- tearDown -->
      </class> <!-- com.airline.tests.AirlineTestHome -->
    </test> <!-- passenger4 -->
    <test started-at="2023-11-04T19:03:01 IST" name="passenger3" finished-at="2023-11-04T19:03:45 IST" duration-ms="43961">
      <class name="com.airline.tests.AirlineTestHome">
        <test-method is-config="true" signature="setUp(org.testng.ITestContext)[pri:0, instance:com.airline.tests.AirlineTestHome@6f15d60e]" started-at="2023-11-04T19:03:01 IST" name="setUp" finished-at="2023-11-04T19:03:35 IST" duration-ms="34084" status="PASS">
          <params>
            <param index="0">
              <value>
                <![CDATA[org.testng.TestRunner@2bec854f]]>
              </value>
            </param>
          </params>
          <reporter-output>
          </reporter-output>
        </test-method> <!-- setUp -->
        <test-method is-config="true" signature="setParameters(java.lang.String)[pri:0, instance:com.airline.tests.AirlineTestHome@6f15d60e]" started-at="2023-11-04T19:03:35 IST" name="setParameters" finished-at="2023-11-04T19:03:35 IST" depends-on-methods="com.base.test.AbstractTest.setUp" duration-ms="1" status="PASS">
          <params>
            <param index="0">
              <value>
                <![CDATA[test-data/airline/passenger-3.json]]>
              </value>
            </param>
          </params>
          <reporter-output>
          </reporter-output>
        </test-method> <!-- setParameters -->
        <test-method signature="user_registration()[pri:0, instance:com.airline.tests.AirlineTestHome@6f15d60e]" started-at="2023-11-04T19:03:35 IST" name="user_registration" finished-at="2023-11-04T19:03:38 IST" duration-ms="3288" status="PASS">
          <reporter-output>
          </reporter-output>
        </test-method> <!-- user_registration -->
        <test-method signature="registration_confirmation()[pri:0, instance:com.airline.tests.AirlineTestHome@6f15d60e]" started-at="2023-11-04T19:03:38 IST" name="registration_confirmation" finished-at="2023-11-04T19:03:39 IST" depends-on-methods="com.airline.tests.AirlineTestHome.user_registration" duration-ms="840" status="PASS">
          <reporter-output>
          </reporter-output>
        </test-method> <!-- registration_confirmation -->
        <test-method signature="flight_search()[pri:0, instance:com.airline.tests.AirlineTestHome@6f15d60e]" started-at="2023-11-04T19:03:39 IST" name="flight_search" finished-at="2023-11-04T19:03:42 IST" depends-on-methods="com.airline.tests.AirlineTestHome.registration_confirmation" duration-ms="3096" status="PASS">
          <reporter-output>
          </reporter-output>
        </test-method> <!-- flight_search -->
        <test-method signature="flight_select()[pri:0, instance:com.airline.tests.AirlineTestHome@6f15d60e]" started-at="2023-11-04T19:03:42 IST" name="flight_select" finished-at="2023-11-04T19:03:43 IST" depends-on-methods="com.airline.tests.AirlineTestHome.flight_search" duration-ms="1086" status="PASS">
          <reporter-output>
          </reporter-output>
        </test-method> <!-- flight_select -->
        <test-method signature="flight_confirmation()[pri:0, instance:com.airline.tests.AirlineTestHome@6f15d60e]" started-at="2023-11-04T19:03:43 IST" name="flight_confirmation" finished-at="2023-11-04T19:03:45 IST" depends-on-methods="com.airline.tests.AirlineTestHome.flight_select" duration-ms="1452" status="PASS">
          <reporter-output>
          </reporter-output>
        </test-method> <!-- flight_confirmation -->
        <test-method is-config="true" signature="tearDown()[pri:0, instance:com.airline.tests.AirlineTestHome@6f15d60e]" started-at="2023-11-04T19:03:45 IST" name="tearDown" finished-at="2023-11-04T19:03:45 IST" duration-ms="97" status="PASS">
          <reporter-output>
          </reporter-output>
        </test-method> <!-- tearDown -->
      </class> <!-- com.airline.tests.AirlineTestHome -->
    </test> <!-- passenger3 -->
    <test started-at="2023-11-04T19:03:01 IST" name="passenger1" finished-at="2023-11-04T19:03:56 IST" duration-ms="54858">
      <class name="com.airline.tests.AirlineTestHome">
        <test-method is-config="true" signature="setUp(org.testng.ITestContext)[pri:0, instance:com.airline.tests.AirlineTestHome@15a34df2]" started-at="2023-11-04T19:03:01 IST" name="setUp" finished-at="2023-11-04T19:03:46 IST" duration-ms="44635" status="PASS">
          <params>
            <param index="0">
              <value>
                <![CDATA[org.testng.TestRunner@16c069df]]>
              </value>
            </param>
          </params>
          <reporter-output>
          </reporter-output>
        </test-method> <!-- setUp -->
        <test-method is-config="true" signature="setParameters(java.lang.String)[pri:0, instance:com.airline.tests.AirlineTestHome@15a34df2]" started-at="2023-11-04T19:03:46 IST" name="setParameters" finished-at="2023-11-04T19:03:46 IST" depends-on-methods="com.base.test.AbstractTest.setUp" duration-ms="2" status="PASS">
          <params>
            <param index="0">
              <value>
                <![CDATA[test-data/airline/passenger-1.json]]>
              </value>
            </param>
          </params>
          <reporter-output>
          </reporter-output>
        </test-method> <!-- setParameters -->
        <test-method signature="user_registration()[pri:0, instance:com.airline.tests.AirlineTestHome@15a34df2]" started-at="2023-11-04T19:03:46 IST" name="user_registration" finished-at="2023-11-04T19:03:50 IST" duration-ms="3972" status="PASS">
          <reporter-output>
          </reporter-output>
        </test-method> <!-- user_registration -->
        <test-method signature="registration_confirmation()[pri:0, instance:com.airline.tests.AirlineTestHome@15a34df2]" started-at="2023-11-04T19:03:50 IST" name="registration_confirmation" finished-at="2023-11-04T19:03:51 IST" depends-on-methods="com.airline.tests.AirlineTestHome.user_registration" duration-ms="1437" status="PASS">
          <reporter-output>
          </reporter-output>
        </test-method> <!-- registration_confirmation -->
        <test-method signature="flight_search()[pri:0, instance:com.airline.tests.AirlineTestHome@15a34df2]" started-at="2023-11-04T19:03:51 IST" name="flight_search" finished-at="2023-11-04T19:03:53 IST" depends-on-methods="com.airline.tests.AirlineTestHome.registration_confirmation" duration-ms="2091" status="PASS">
          <reporter-output>
          </reporter-output>
        </test-method> <!-- flight_search -->
        <test-method signature="flight_select()[pri:0, instance:com.airline.tests.AirlineTestHome@15a34df2]" started-at="2023-11-04T19:03:53 IST" name="flight_select" finished-at="2023-11-04T19:03:55 IST" depends-on-methods="com.airline.tests.AirlineTestHome.flight_search" duration-ms="1670" status="PASS">
          <reporter-output>
          </reporter-output>
        </test-method> <!-- flight_select -->
        <test-method signature="flight_confirmation()[pri:0, instance:com.airline.tests.AirlineTestHome@15a34df2]" started-at="2023-11-04T19:03:55 IST" name="flight_confirmation" finished-at="2023-11-04T19:03:56 IST" depends-on-methods="com.airline.tests.AirlineTestHome.flight_select" duration-ms="930" status="PASS">
          <reporter-output>
          </reporter-output>
        </test-method> <!-- flight_confirmation -->
        <test-method is-config="true" signature="tearDown()[pri:0, instance:com.airline.tests.AirlineTestHome@15a34df2]" started-at="2023-11-04T19:03:56 IST" name="tearDown" finished-at="2023-11-04T19:03:56 IST" duration-ms="102" status="PASS">
          <reporter-output>
          </reporter-output>
        </test-method> <!-- tearDown -->
      </class> <!-- com.airline.tests.AirlineTestHome -->
    </test> <!-- passenger1 -->
  </suite> <!-- Suite -->
  <suite started-at="2023-11-04T19:03:56 IST" name="Suite (0)" finished-at="2023-11-04T19:04:15 IST" duration-ms="19266">
    <groups>
    </groups>
    <test started-at="2023-11-04T19:03:56 IST" name="John" finished-at="2023-11-04T19:04:01 IST" duration-ms="5624">
      <class name="com.vendor.tests.VendorTestHome">
        <test-method is-config="true" signature="call_config()[pri:0, instance:com.vendor.tests.VendorTestHome@5c86a017]" started-at="2023-11-04T19:03:56 IST" name="call_config" finished-at="2023-11-04T19:03:56 IST" duration-ms="2" status="PASS">
          <reporter-output>
          </reporter-output>
        </test-method> <!-- call_config -->
        <test-method is-config="true" signature="setUp(org.testng.ITestContext)[pri:0, instance:com.vendor.tests.VendorTestHome@5c86a017]" started-at="2023-11-04T19:03:56 IST" name="setUp" finished-at="2023-11-04T19:03:56 IST" duration-ms="706" status="PASS">
          <params>
            <param index="0">
              <value>
                <![CDATA[org.testng.TestRunner@205d38da]]>
              </value>
            </param>
          </params>
          <reporter-output>
          </reporter-output>
        </test-method> <!-- setUp -->
        <test-method is-config="true" signature="setPageObjects(java.lang.String)[pri:0, instance:com.vendor.tests.VendorTestHome@5c86a017]" started-at="2023-11-04T19:03:56 IST" name="setPageObjects" finished-at="2023-11-04T19:03:56 IST" depends-on-methods="com.base.test.AbstractTest.setUp" duration-ms="24" status="PASS">
          <params>
            <param index="0">
              <value>
                <![CDATA[test-data/vendor/john.json]]>
              </value>
            </param>
          </params>
          <reporter-output>
          </reporter-output>
        </test-method> <!-- setPageObjects -->
        <test-method signature="login_page()[pri:0, instance:com.vendor.tests.VendorTestHome@5c86a017]" started-at="2023-11-04T19:03:56 IST" name="login_page" finished-at="2023-11-04T19:03:58 IST" duration-ms="1680" status="PASS">
          <reporter-output>
          </reporter-output>
        </test-method> <!-- login_page -->
        <test-method signature="dashboard_test()[pri:0, instance:com.vendor.tests.VendorTestHome@5c86a017]" started-at="2023-11-04T19:03:58 IST" name="dashboard_test" finished-at="2023-11-04T19:04:01 IST" depends-on-methods="com.vendor.tests.VendorTestHome.login_page" duration-ms="3072" status="PASS">
          <reporter-output>
          </reporter-output>
        </test-method> <!-- dashboard_test -->
        <test-method is-config="true" signature="tearDown()[pri:0, instance:com.vendor.tests.VendorTestHome@5c86a017]" started-at="2023-11-04T19:04:01 IST" name="tearDown" finished-at="2023-11-04T19:04:01 IST" duration-ms="137" status="PASS">
          <reporter-output>
          </reporter-output>
        </test-method> <!-- tearDown -->
      </class> <!-- com.vendor.tests.VendorTestHome -->
    </test> <!-- John -->
    <test started-at="2023-11-04T19:03:56 IST" name="Mike" finished-at="2023-11-04T19:04:08 IST" duration-ms="12546">
      <class name="com.vendor.tests.VendorTestHome">
        <test-method is-config="true" signature="setUp(org.testng.ITestContext)[pri:0, instance:com.vendor.tests.VendorTestHome@126253fd]" started-at="2023-11-04T19:03:56 IST" name="setUp" finished-at="2023-11-04T19:04:02 IST" duration-ms="6301" status="PASS">
          <params>
            <param index="0">
              <value>
                <![CDATA[org.testng.TestRunner@7c3fdb62]]>
              </value>
            </param>
          </params>
          <reporter-output>
          </reporter-output>
        </test-method> <!-- setUp -->
        <test-method is-config="true" signature="setPageObjects(java.lang.String)[pri:0, instance:com.vendor.tests.VendorTestHome@126253fd]" started-at="2023-11-04T19:04:02 IST" name="setPageObjects" finished-at="2023-11-04T19:04:02 IST" depends-on-methods="com.base.test.AbstractTest.setUp" duration-ms="3" status="PASS">
          <params>
            <param index="0">
              <value>
                <![CDATA[test-data/vendor/mike.json]]>
              </value>
            </param>
          </params>
          <reporter-output>
          </reporter-output>
        </test-method> <!-- setPageObjects -->
        <test-method signature="login_page()[pri:0, instance:com.vendor.tests.VendorTestHome@126253fd]" started-at="2023-11-04T19:04:02 IST" name="login_page" finished-at="2023-11-04T19:04:04 IST" duration-ms="1622" status="PASS">
          <reporter-output>
          </reporter-output>
        </test-method> <!-- login_page -->
        <test-method signature="dashboard_test()[pri:0, instance:com.vendor.tests.VendorTestHome@126253fd]" started-at="2023-11-04T19:04:04 IST" name="dashboard_test" finished-at="2023-11-04T19:04:08 IST" depends-on-methods="com.vendor.tests.VendorTestHome.login_page" duration-ms="4430" status="PASS">
          <reporter-output>
          </reporter-output>
        </test-method> <!-- dashboard_test -->
        <test-method is-config="true" signature="tearDown()[pri:0, instance:com.vendor.tests.VendorTestHome@126253fd]" started-at="2023-11-04T19:04:08 IST" name="tearDown" finished-at="2023-11-04T19:04:08 IST" duration-ms="187" status="PASS">
          <reporter-output>
          </reporter-output>
        </test-method> <!-- tearDown -->
      </class> <!-- com.vendor.tests.VendorTestHome -->
    </test> <!-- Mike -->
    <test started-at="2023-11-04T19:03:56 IST" name="Sam" finished-at="2023-11-04T19:04:15 IST" duration-ms="19266">
      <class name="com.vendor.tests.VendorTestHome">
        <test-method is-config="true" signature="setUp(org.testng.ITestContext)[pri:0, instance:com.vendor.tests.VendorTestHome@28cda624]" started-at="2023-11-04T19:03:56 IST" name="setUp" finished-at="2023-11-04T19:04:09 IST" duration-ms="13195" status="PASS">
          <params>
            <param index="0">
              <value>
                <![CDATA[org.testng.TestRunner@3336e6b6]]>
              </value>
            </param>
          </params>
          <reporter-output>
          </reporter-output>
        </test-method> <!-- setUp -->
        <test-method is-config="true" signature="setPageObjects(java.lang.String)[pri:0, instance:com.vendor.tests.VendorTestHome@28cda624]" started-at="2023-11-04T19:04:09 IST" name="setPageObjects" finished-at="2023-11-04T19:04:09 IST" depends-on-methods="com.base.test.AbstractTest.setUp" duration-ms="3" status="PASS">
          <params>
            <param index="0">
              <value>
                <![CDATA[test-data/vendor/sam.json]]>
              </value>
            </param>
          </params>
          <reporter-output>
          </reporter-output>
        </test-method> <!-- setPageObjects -->
        <test-method signature="login_page()[pri:0, instance:com.vendor.tests.VendorTestHome@28cda624]" started-at="2023-11-04T19:04:09 IST" name="login_page" finished-at="2023-11-04T19:04:10 IST" duration-ms="1338" status="PASS">
          <reporter-output>
          </reporter-output>
        </test-method> <!-- login_page -->
        <test-method signature="dashboard_test()[pri:0, instance:com.vendor.tests.VendorTestHome@28cda624]" started-at="2023-11-04T19:04:10 IST" name="dashboard_test" finished-at="2023-11-04T19:04:15 IST" depends-on-methods="com.vendor.tests.VendorTestHome.login_page" duration-ms="4629" status="PASS">
          <reporter-output>
          </reporter-output>
        </test-method> <!-- dashboard_test -->
        <test-method is-config="true" signature="tearDown()[pri:0, instance:com.vendor.tests.VendorTestHome@28cda624]" started-at="2023-11-04T19:04:15 IST" name="tearDown" finished-at="2023-11-04T19:04:15 IST" duration-ms="97" status="PASS">
          <reporter-output>
          </reporter-output>
        </test-method> <!-- tearDown -->
      </class> <!-- com.vendor.tests.VendorTestHome -->
    </test> <!-- Sam -->
  </suite> <!-- Suite (0) -->
</testng-results>
