<?xml version="1.0" encoding="UTF-8"?>
<!-- Generated by org.testng.reporters.JUnitXMLReporter -->
<testsuite ignored="0" hostname="DESKTOP-GPC7LG8" failures="0" tests="5" name="passenger1" time="54.858" errors="0" timestamp="2023-11-04T19:03:56 IST">
  <testcase classname="com.airline.tests.AirlineTestHome" name="user_registration" time="3.972"/>
  <testcase classname="com.airline.tests.AirlineTestHome" name="registration_confirmation" time="1.437"/>
  <testcase classname="com.airline.tests.AirlineTestHome" name="flight_search" time="2.091"/>
  <testcase classname="com.airline.tests.AirlineTestHome" name="flight_select" time="1.67"/>
  <testcase classname="com.airline.tests.AirlineTestHome" name="flight_confirmation" time="0.93"/>
</testsuite> <!-- passenger1 -->
