<?xml version="1.0" encoding="UTF-8"?>
<!-- Generated by org.testng.reporters.JUnitXMLReporter -->
<testsuite ignored="0" hostname="DESKTOP-GPC7LG8" failures="0" tests="5" name="passenger2" time="20.753" errors="0" timestamp="2023-11-04T19:03:22 IST">
  <testcase classname="com.airline.tests.AirlineTestHome" name="user_registration" time="4.749"/>
  <testcase classname="com.airline.tests.AirlineTestHome" name="registration_confirmation" time="2.8"/>
  <testcase classname="com.airline.tests.AirlineTestHome" name="flight_search" time="3.008"/>
  <testcase classname="com.airline.tests.AirlineTestHome" name="flight_select" time="1.768"/>
  <testcase classname="com.airline.tests.AirlineTestHome" name="flight_confirmation" time="0.963"/>
</testsuite> <!-- passenger2 -->
