<?xml version="1.0" encoding="UTF-8"?>
<testng-results ignored="0" total="6" passed="6" failed="0" skipped="0">
  <reporter-output>
  </reporter-output>
  <suite started-at="2023-11-02T18:02:34 GMT" name="Suite" finished-at="2023-11-02T18:03:02 GMT" duration-ms="27706">
    <groups>
    </groups>
    <test started-at="2023-11-02T18:02:34 GMT" name="John" finished-at="2023-11-02T18:02:46 GMT" duration-ms="11980">
      <class name="com.vendor.tests.VendorTestHome">
        <test-method is-config="true" signature="call_config()[pri:0, instance:com.vendor.tests.VendorTestHome@31920ade]" started-at="2023-11-02T18:02:34 GMT" name="call_config" finished-at="2023-11-02T18:02:34 GMT" duration-ms="13" status="PASS">
          <reporter-output>
          </reporter-output>
        </test-method> <!-- call_config -->
        <test-method is-config="true" signature="setUp(org.testng.ITestContext)[pri:0, instance:com.vendor.tests.VendorTestHome@31920ade]" started-at="2023-11-02T18:02:34 GMT" name="setUp" finished-at="2023-11-02T18:02:39 GMT" duration-ms="4926" status="PASS">
          <params>
            <param index="0">
              <value>
                <![CDATA[org.testng.TestRunner@2796aeae]]>
              </value>
            </param>
          </params>
          <reporter-output>
          </reporter-output>
        </test-method> <!-- setUp -->
        <test-method is-config="true" signature="setPageObjects(java.lang.String)[pri:0, instance:com.vendor.tests.VendorTestHome@31920ade]" started-at="2023-11-02T18:02:39 GMT" name="setPageObjects" finished-at="2023-11-02T18:02:40 GMT" depends-on-methods="com.base.test.AbstractTest.setUp" duration-ms="553" status="PASS">
          <params>
            <param index="0">
              <value>
                <![CDATA[test-data/vendor/john.json]]>
              </value>
            </param>
          </params>
          <reporter-output>
          </reporter-output>
        </test-method> <!-- setPageObjects -->
        <test-method signature="login_page()[pri:0, instance:com.vendor.tests.VendorTestHome@31920ade]" started-at="2023-11-02T18:02:40 GMT" name="login_page" finished-at="2023-11-02T18:02:42 GMT" duration-ms="2302" status="PASS">
          <reporter-output>
          </reporter-output>
        </test-method> <!-- login_page -->
        <test-method signature="dashboard_test()[pri:0, instance:com.vendor.tests.VendorTestHome@31920ade]" started-at="2023-11-02T18:02:42 GMT" name="dashboard_test" finished-at="2023-11-02T18:02:45 GMT" depends-on-methods="com.vendor.tests.VendorTestHome.login_page" duration-ms="3304" status="PASS">
          <reporter-output>
          </reporter-output>
        </test-method> <!-- dashboard_test -->
        <test-method is-config="true" signature="tearDown()[pri:0, instance:com.vendor.tests.VendorTestHome@31920ade]" started-at="2023-11-02T18:02:45 GMT" name="tearDown" finished-at="2023-11-02T18:02:46 GMT" duration-ms="860" status="PASS">
          <reporter-output>
          </reporter-output>
        </test-method> <!-- tearDown -->
      </class> <!-- com.vendor.tests.VendorTestHome -->
    </test> <!-- John -->
    <test started-at="2023-11-02T18:02:34 GMT" name="Sam" finished-at="2023-11-02T18:02:55 GMT" duration-ms="21068">
      <class name="com.vendor.tests.VendorTestHome">
        <test-method is-config="true" signature="setUp(org.testng.ITestContext)[pri:0, instance:com.vendor.tests.VendorTestHome@26df6e3a]" started-at="2023-11-02T18:02:34 GMT" name="setUp" finished-at="2023-11-02T18:02:49 GMT" duration-ms="14671" status="PASS">
          <params>
            <param index="0">
              <value>
                <![CDATA[org.testng.TestRunner@172b013]]>
              </value>
            </param>
          </params>
          <reporter-output>
          </reporter-output>
        </test-method> <!-- setUp -->
        <test-method is-config="true" signature="setPageObjects(java.lang.String)[pri:0, instance:com.vendor.tests.VendorTestHome@26df6e3a]" started-at="2023-11-02T18:02:49 GMT" name="setPageObjects" finished-at="2023-11-02T18:02:49 GMT" depends-on-methods="com.base.test.AbstractTest.setUp" duration-ms="4" status="PASS">
          <params>
            <param index="0">
              <value>
                <![CDATA[test-data/vendor/sam.json]]>
              </value>
            </param>
          </params>
          <reporter-output>
          </reporter-output>
        </test-method> <!-- setPageObjects -->
        <test-method signature="login_page()[pri:0, instance:com.vendor.tests.VendorTestHome@26df6e3a]" started-at="2023-11-02T18:02:49 GMT" name="login_page" finished-at="2023-11-02T18:02:50 GMT" duration-ms="1640" status="PASS">
          <reporter-output>
          </reporter-output>
        </test-method> <!-- login_page -->
        <test-method signature="dashboard_test()[pri:0, instance:com.vendor.tests.VendorTestHome@26df6e3a]" started-at="2023-11-02T18:02:50 GMT" name="dashboard_test" finished-at="2023-11-02T18:02:54 GMT" depends-on-methods="com.vendor.tests.VendorTestHome.login_page" duration-ms="3660" status="PASS">
          <reporter-output>
          </reporter-output>
        </test-method> <!-- dashboard_test -->
        <test-method is-config="true" signature="tearDown()[pri:0, instance:com.vendor.tests.VendorTestHome@26df6e3a]" started-at="2023-11-02T18:02:54 GMT" name="tearDown" finished-at="2023-11-02T18:02:55 GMT" duration-ms="1079" status="PASS">
          <reporter-output>
          </reporter-output>
        </test-method> <!-- tearDown -->
      </class> <!-- com.vendor.tests.VendorTestHome -->
    </test> <!-- Sam -->
    <test started-at="2023-11-02T18:02:34 GMT" name="Mike" finished-at="2023-11-02T18:03:02 GMT" duration-ms="27706">
      <class name="com.vendor.tests.VendorTestHome">
        <test-method is-config="true" signature="setUp(org.testng.ITestContext)[pri:0, instance:com.vendor.tests.VendorTestHome@6337c201]" started-at="2023-11-02T18:02:34 GMT" name="setUp" finished-at="2023-11-02T18:02:58 GMT" duration-ms="23548" status="PASS">
          <params>
            <param index="0">
              <value>
                <![CDATA[org.testng.TestRunner@56673b2c]]>
              </value>
            </param>
          </params>
          <reporter-output>
          </reporter-output>
        </test-method> <!-- setUp -->
        <test-method is-config="true" signature="setPageObjects(java.lang.String)[pri:0, instance:com.vendor.tests.VendorTestHome@6337c201]" started-at="2023-11-02T18:02:58 GMT" name="setPageObjects" finished-at="2023-11-02T18:02:58 GMT" depends-on-methods="com.base.test.AbstractTest.setUp" duration-ms="3" status="PASS">
          <params>
            <param index="0">
              <value>
                <![CDATA[test-data/vendor/mike.json]]>
              </value>
            </param>
          </params>
          <reporter-output>
          </reporter-output>
        </test-method> <!-- setPageObjects -->
        <test-method signature="login_page()[pri:0, instance:com.vendor.tests.VendorTestHome@6337c201]" started-at="2023-11-02T18:02:58 GMT" name="login_page" finished-at="2023-11-02T18:02:59 GMT" duration-ms="1479" status="PASS">
          <reporter-output>
          </reporter-output>
        </test-method> <!-- login_page -->
        <test-method signature="dashboard_test()[pri:0, instance:com.vendor.tests.VendorTestHome@6337c201]" started-at="2023-11-02T18:02:59 GMT" name="dashboard_test" finished-at="2023-11-02T18:03:01 GMT" depends-on-methods="com.vendor.tests.VendorTestHome.login_page" duration-ms="1806" status="PASS">
          <reporter-output>
          </reporter-output>
        </test-method> <!-- dashboard_test -->
        <test-method is-config="true" signature="tearDown()[pri:0, instance:com.vendor.tests.VendorTestHome@6337c201]" started-at="2023-11-02T18:03:01 GMT" name="tearDown" finished-at="2023-11-02T18:03:02 GMT" duration-ms="861" status="PASS">
          <reporter-output>
          </reporter-output>
        </test-method> <!-- tearDown -->
      </class> <!-- com.vendor.tests.VendorTestHome -->
    </test> <!-- Mike -->
  </suite> <!-- Suite -->
</testng-results>
